<?xml version="1.0" encoding="UTF-8"?>
<!-- Generated by org.testng.reporters.JUnitXMLReporter -->
<testsuite ignored="1" hostname="DESKTOP-7R3VO38" failures="1" tests="2" name="Test" time="0.048" errors="0" timestamp="2023-08-03T14:12:26 IST">
  <testcase classname="test.day3" name="webLoginCar" time="0.009">
    <failure type="java.lang.AssertionError" message="expected [true] but found [false]">
      <![CDATA[java.lang.AssertionError: expected [true] but found [false]
at test.day3.webLoginCar(day3.java:21)
at java.base/java.util.ArrayList.forEach(ArrayList.java:1511)
... Removed 31 stack frames]]>
    </failure>
  </testcase> <!-- webLoginCar -->
  <testcase classname="test.day3" name="apiLoginCar" time="0.0">
    <skipped/>
  </testcase> <!-- apiLoginCar -->
  <testcase classname="test.day3" name="MobileLoginCar" time="0.0">
    <ignored/>
  </testcase> <!-- MobileLoginCar -->
</testsuite> <!-- Test -->
