<?xml version="1.0" encoding="UTF-8"?>
<!-- Generated by org.testng.reporters.JUnitXMLReporter -->
<testsuite ignored="2" hostname="DESKTOP-7R3VO38" failures="0" tests="5" name="Regression" time="0.042" errors="0" timestamp="2023-08-01T18:56:16 IST">
  <testcase classname="test.day3" name="MobileLoginCar" time="0.004"/>
  <testcase classname="test.day3" name="apiLoginCar" time="0.0"/>
  <testcase classname="test.day3" name="webLoginCar" time="0.001"/>
  <testcase classname="test.day2" name="demo3" time="0.002"/>
  <testcase classname="test.day2" name="demo4" time="0.0"/>
  <testcase classname="test.day1" name="demo" time="0.0">
    <ignored/>
  </testcase> <!-- demo -->
  <testcase classname="test.day2" name="demo2" time="0.0">
    <ignored/>
  </testcase> <!-- demo2 -->
</testsuite> <!-- Regression -->
