<?xml version="1.0" encoding="UTF-8"?>
<testng-results ignored="0" total="1" passed="1" failed="0" skipped="0">
  <reporter-output>
  </reporter-output>
  <suite started-at="2023-08-19T17:10:52 IST" name="Default suite" finished-at="2023-08-19T17:10:52 IST" duration-ms="43">
    <groups>
      <group name="smoke">
        <method signature="day1.demo()[pri:0, instance:test.day1@4e7912d8]" name="demo" class="test.day1"/>
      </group> <!-- smoke -->
    </groups>
    <test started-at="2023-08-19T17:10:52 IST" name="Default test" finished-at="2023-08-19T17:10:52 IST" duration-ms="43">
      <class name="test.day1">
        <test-method is-config="true" signature="bfTest()[pri:0, instance:test.day1@4e7912d8]" started-at="2023-08-19T17:10:52 IST" name="bfTest" finished-at="2023-08-19T17:10:52 IST" duration-ms="6" status="PASS">
          <reporter-output>
          </reporter-output>
        </test-method> <!-- bfTest -->
        <test-method signature="demo()[pri:0, instance:test.day1@4e7912d8]" started-at="2023-08-19T17:10:52 IST" name="demo" finished-at="2023-08-19T17:10:52 IST" duration-ms="4" status="PASS">
          <reporter-output>
          </reporter-output>
        </test-method> <!-- demo -->
      </class> <!-- test.day1 -->
    </test> <!-- Default test -->
  </suite> <!-- Default suite -->
</testng-results>
